Arguments: 
  /Users/jsharpe/.nvm/versions/node/v10.21.0/bin/node /usr/local/Cellar/yarn/1.22.4/libexec/bin/yarn.js run

PATH: 
  /Users/jsharpe/.cargo/bin:/Users/jsharpe/.nvm/versions/node/v10.21.0/bin:/usr/local/opt/mysql@5.7/bin:/usr/local/bin:/usr/bin:/bin:/usr/sbin:/sbin:/Library/Apple/usr/bin:/Users/jsharpe/.cargo/bin:/Users/jsharpe/.nvm/versions/node/v10.21.0/bin

Yarn version: 
  1.22.4

Node version: 
  10.21.0

Platform: 
  darwin x64

Trace: 
  SyntaxError: /Users/jsharpe/pound2019/package.json: Unexpected string in JSON at position 320
      at JSON.parse (<anonymous>)
      at /usr/local/Cellar/yarn/1.22.4/libexec/lib/cli.js:1625:59
      at Generator.next (<anonymous>)
      at step (/usr/local/Cellar/yarn/1.22.4/libexec/lib/cli.js:310:30)
      at /usr/local/Cellar/yarn/1.22.4/libexec/lib/cli.js:321:13

npm manifest: 
  {
    "name": "pound2019",
    "version": "1.0.0",
    "description": "",
    "main": "app.js",
    "dependencies": {
      "lodash": "^4.17.19",
      "slp-parser-js": "^4.1.0",
      "iconv-lite": "^0.5.2",
      "safer-buffer": "^2.1.2",
      "semver": "^6.3.0"
    },
    "devDependencies": {},
    "scripts": {
      "run": "node app.js"
      "test": "echo \"Error: no test specified\" && exit 1"
    },
    "author": "",
    "license": "ISC"
  }

yarn manifest: 
  No manifest

Lockfile: 
  # THIS IS AN AUTOGENERATED FILE. DO NOT EDIT THIS FILE DIRECTLY.
  # yarn lockfile v1
